<?xml version="1.0" encoding="UTF-8"?>
<testsuite name="OPDBilling" tests="1" file=".py" time="45.970" timestamp="2025-08-21T15:25:38" failures="0" errors="0" skipped="0">
	<testcase classname="OPDBilling" name="test_opd_billing" time="45.970" timestamp="2025-08-21T15:25:38" file="OpdBilling.py" line="213">
		<!--
Test method: Perform OPD billing using the latest patient ID and select both CBC and ABO & Rh Factor tests.
-->
	</testcase>
</testsuite>
