<?xml version="1.0" encoding="UTF-8"?>
<testsuite name="CombinedOPDRegistrationBilling" tests="1" file=".py" time="62.971" timestamp="2025-08-21T14:06:52" failures="0" errors="0" skipped="0">
	<testcase classname="CombinedOPDRegistrationBilling" name="test_combined_opd_registration_and_billing" time="62.971" timestamp="2025-08-21T14:06:52" file="OpdregisterandOpdBilling.py" line="190">
		<!--
Combined test method: 
1. Perform OPD registration
2. Navigate to OPD billing
3. Use the captured patient ID for billing
4. Complete the billing process
-->
	</testcase>
</testsuite>
